


Генерация документа PSAC


Генерация документа SDP


Генерация документа SVP


Генерация документа SCMP


Генерация документа SQAP


Генерация документа SRS


Генерация документа SDS


Генерация документа SCS


Генерация документа SRD


Генерация документа SDD


Генерация документа SSCD


Генерация документа SOCD


Генерация документа SVCP


Генерация документа SVR


Генерация документа SECI


Генерация документа SCI


Генерация документа SER


Генерация документа SCMR


Генерация документа SQAR


Генерация документа SAS


Генерация документа STD


Генерация документа SCFD


Генерация документа IQP


Генерация документа ICI


Генерация документа IAS


Генерация документа GostSpec


Генерация документа TZ


Генерация документа InsLoad